<?xml version="1.0" encoding="UTF-8"?>
<!-- Generated by org.testng.reporters.JUnitXMLReporter -->
<testsuite ignored="0" hostname="mayura" failures="0" tests="3" name="Default test" time="26.351" errors="0" timestamp="2025-09-16T20:14:04 IST">
  <testcase classname="com.eq.test.LoginTest" name="invalidLoginTest" time="2.495"/>
  <testcase classname="com.eq.test.LoginTest" name="invalidLoginTest" time="2.352"/>
  <testcase classname="com.eq.test.LoginTest" name="validLoginTest" time="5.128"/>
</testsuite> <!-- Default test -->
