<?xml version="1.0" encoding="UTF-8"?>
<!-- Generated by org.testng.reporters.JUnitXMLReporter -->
<testsuite ignored="0" hostname="mayura" failures="0" tests="3" name="Default test" time="44.775" errors="0" timestamp="2025-09-16T19:29:12 IST">
  <testcase classname="com.eq.test.ZDemo1Test" name="demoLoginTest" time="8.125"/>
  <testcase classname="com.eq.test.ZDemo1Test" name="demoLoginTest" time="4.41"/>
  <testcase classname="com.eq.test.ZDemo1Test" name="demoLoginTest" time="1.266"/>
</testsuite> <!-- Default test -->
