<?xml version="1.0" encoding="UTF-8"?>
<!-- Generated by org.testng.reporters.JUnitXMLReporter -->
<testsuite ignored="3" hostname="mayura" failures="0" tests="2" name="Login UI Test edge" time="16.064" errors="0" timestamp="2025-09-17T19:52:52 IST">
  <testcase classname="com.eq.test.LoginUITest" name="titleTest" time="0.037"/>
  <testcase classname="com.eq.test.LoginTest" name="validLoginTest" time="2.617"/>
  <testcase classname="com.eq.test.LoginTest" name="invalidLoginTest" time="0.0">
    <ignored/>
  </testcase> <!-- invalidLoginTest -->
  <testcase classname="com.eq.test.EmployeeTest" name="addValidEmployeeTest" time="0.0">
    <ignored/>
  </testcase> <!-- addValidEmployeeTest -->
  <testcase classname="com.eq.test.LoginUITest" name="headerTest" time="0.0">
    <ignored/>
  </testcase> <!-- headerTest -->
</testsuite> <!-- Login UI Test edge -->
