<?xml version="1.0" encoding="UTF-8"?>
<testng-results ignored="0" total="3" passed="3" failed="0" skipped="0">
  <reporter-output>
  </reporter-output>
  <suite started-at="2025-09-16T19:28:27 IST" name="Default suite" finished-at="2025-09-16T19:29:12 IST" duration-ms="44775">
    <groups>
    </groups>
    <test started-at="2025-09-16T19:28:27 IST" name="Default test" finished-at="2025-09-16T19:29:12 IST" duration-ms="44775">
      <class name="com.eq.test.ZDemo1Test">
        <test-method signature="demoLoginTest(java.lang.String,java.lang.String)[pri:0, instance:com.eq.test.ZDemo1Test@cc43f62]" started-at="2025-09-16T19:28:58 IST" name="demoLoginTest" data-provider="demoLoginData" finished-at="2025-09-16T19:29:06 IST" duration-ms="8125" status="PASS">
          <params>
            <param index="0">
              <value>
                <![CDATA[saul]]>
              </value>
            </param>
            <param index="1">
              <value>
                <![CDATA[saul123]]>
              </value>
            </param>
          </params>
          <reporter-output>
          </reporter-output>
        </test-method> <!-- demoLoginTest -->
        <test-method signature="demoLoginTest(java.lang.String,java.lang.String)[pri:0, instance:com.eq.test.ZDemo1Test@cc43f62]" started-at="2025-09-16T19:29:06 IST" name="demoLoginTest" data-provider="demoLoginData" finished-at="2025-09-16T19:29:10 IST" duration-ms="4410" status="PASS">
          <params>
            <param index="0">
              <value>
                <![CDATA[kim]]>
              </value>
            </param>
            <param index="1">
              <value>
                <![CDATA[kim123]]>
              </value>
            </param>
          </params>
          <reporter-output>
          </reporter-output>
        </test-method> <!-- demoLoginTest -->
        <test-method signature="demoLoginTest(java.lang.String,java.lang.String)[pri:0, instance:com.eq.test.ZDemo1Test@cc43f62]" started-at="2025-09-16T19:29:10 IST" name="demoLoginTest" data-provider="demoLoginData" finished-at="2025-09-16T19:29:12 IST" duration-ms="1266" status="PASS">
          <params>
            <param index="0">
              <value>
                <![CDATA[peter]]>
              </value>
            </param>
            <param index="1">
              <value>
                <![CDATA[peter123]]>
              </value>
            </param>
          </params>
          <reporter-output>
          </reporter-output>
        </test-method> <!-- demoLoginTest -->
      </class> <!-- com.eq.test.ZDemo1Test -->
    </test> <!-- Default test -->
  </suite> <!-- Default suite -->
</testng-results>
