<?xml version="1.0" encoding="UTF-8"?>
<testng-results ignored="0" total="1" passed="1" failed="0" skipped="0">
  <reporter-output>
  </reporter-output>
  <suite started-at="2025-09-16T16:55:53 IST" name="Default suite" finished-at="2025-09-16T16:56:01 IST" duration-ms="7985">
    <groups>
    </groups>
    <test started-at="2025-09-16T16:55:53 IST" name="Default test" finished-at="2025-09-16T16:56:01 IST" duration-ms="7985">
      <class name="com.eq.test.LoginTest">
        <test-method is-config="true" signature="setup()[pri:0, instance:com.eq.test.LoginTest@5656be13]" started-at="2025-09-16T16:55:53 IST" name="setup" finished-at="2025-09-16T16:55:58 IST" duration-ms="4946" status="PASS">
          <reporter-output>
          </reporter-output>
        </test-method> <!-- setup -->
        <test-method signature="validLoginTest()[pri:0, instance:com.eq.test.LoginTest@5656be13]" started-at="2025-09-16T16:55:58 IST" name="validLoginTest" finished-at="2025-09-16T16:56:00 IST" duration-ms="2533" status="PASS">
          <reporter-output>
          </reporter-output>
        </test-method> <!-- validLoginTest -->
        <test-method is-config="true" signature="teardown()[pri:0, instance:com.eq.test.LoginTest@5656be13]" started-at="2025-09-16T16:56:00 IST" name="teardown" finished-at="2025-09-16T16:56:01 IST" duration-ms="456" status="PASS">
          <reporter-output>
          </reporter-output>
        </test-method> <!-- teardown -->
      </class> <!-- com.eq.test.LoginTest -->
    </test> <!-- Default test -->
  </suite> <!-- Default suite -->
</testng-results>
